[0.019s] Invoking command in '/home/kshitizsareen/arduinobot_ws/build/arduinobot_description': DEBUGINFOD_URLS=https://debuginfod.ubuntu.com /usr/bin/cmake --build /home/kshitizsareen/arduinobot_ws/build/arduinobot_description -- -j1 -l1
[0.124s] -- Found ament_cmake: 2.5.2 (/opt/ros/jazzy/share/ament_cmake/cmake)
[2.943s] Traceback (most recent call last):
[2.943s]   File "/opt/ros/jazzy/share/ament_cmake_core/cmake/package_templates/templates_2_cmake.py", line 21, in <module>
[2.943s]     from ament_package.templates import get_environment_hook_template_path
[2.943s] ModuleNotFoundError: No module named 'ament_package'
[3.064s] [31mCMake Error at /opt/ros/jazzy/share/ament_cmake_core/cmake/ament_cmake_package_templates-extras.cmake:41 (message):
[3.066s]   execute_process(/usr/bin/python3
[3.067s]   /opt/ros/jazzy/share/ament_cmake_core/cmake/package_templates/templates_2_cmake.py
[3.067s]   /home/kshitizsareen/arduinobot_ws/build/arduinobot_description/ament_cmake_package_templates/templates.cmake)
[3.067s]   returned error code 1
[3.067s] Call Stack (most recent call first):
[3.067s]   /opt/ros/jazzy/share/ament_cmake_core/cmake/ament_cmake_coreConfig.cmake:41 (include)
[3.067s]   /opt/ros/jazzy/share/ament_cmake/cmake/ament_cmake_export_dependencies-extras.cmake:15 (find_package)
[3.067s]   /opt/ros/jazzy/share/ament_cmake/cmake/ament_cmakeConfig.cmake:41 (include)
[3.067s]   CMakeLists.txt:9 (find_package)
[3.069s] 
[3.069s] [0m
[3.069s] -- Configuring incomplete, errors occurred!
[3.080s] gmake: *** [Makefile:226: cmake_check_build_system] Error 1
[3.087s] Invoked command in '/home/kshitizsareen/arduinobot_ws/build/arduinobot_description' returned '2': DEBUGINFOD_URLS=https://debuginfod.ubuntu.com /usr/bin/cmake --build /home/kshitizsareen/arduinobot_ws/build/arduinobot_description -- -j1 -l1
